1568795195824	mozrunner::runner	INFO	Running command: "/Applications/Firefox.app/Contents/MacOS/firefox-bin" "-marionette" "-foreground" "-no-remote" "-profile" "/var/folders/97/g0ksr_bs0tz3bjfl873jz1f00000gn/T/rust_mozprofileCCcjXy"
1568795200548	addons.webextension.screenshots@mozilla.org	WARN	Loading extension 'screenshots@mozilla.org': Reading manifest: Invalid extension permission: mozillaAddons
1568795200548	addons.webextension.screenshots@mozilla.org	WARN	Loading extension 'screenshots@mozilla.org': Reading manifest: Invalid extension permission: telemetry
1568795200548	addons.webextension.screenshots@mozilla.org	WARN	Loading extension 'screenshots@mozilla.org': Reading manifest: Invalid extension permission: resource://pdf.js/
1568795200548	addons.webextension.screenshots@mozilla.org	WARN	Loading extension 'screenshots@mozilla.org': Reading manifest: Invalid extension permission: about:reader*
1568795208983	Marionette	INFO	Listening on port 58105
1568795209017	Marionette	WARN	TLS certificate errors will be ignored for this session
JavaScript warning: https://static.adsafeprotected.com/sca.17.4.95.js, line 32: Array.slice is deprecated; use Array.prototype.slice instead
JavaScript warning: https://static.adsafeprotected.com/sca.17.4.95.js, line 32: Array.slice is deprecated; use Array.prototype.slice instead
JavaScript warning: https://static.adsafeprotected.com/sca.17.4.95.js, line 32: Array.slice is deprecated; use Array.prototype.slice instead

###!!! [Child][MessageChannel] Error: (msgtype=0x54000E,name=PHttpChannel::Msg_DeletingChannel) Channel error: cannot send/recv


###!!! [Child][MessageChannel] Error: (msgtype=0x54000E,name=PHttpChannel::Msg_DeletingChannel) Channel error: cannot send/recv


###!!! [Child][MessageChannel] Error: (msgtype=0x54000E,name=PHttpChannel::Msg_DeletingChannel) Channel error: cannot send/recv

1568795293647	mozrunner::runner	INFO	Running command: "/Applications/Firefox.app/Contents/MacOS/firefox-bin" "-marionette" "-foreground" "-no-remote" "-profile" "/var/folders/97/g0ksr_bs0tz3bjfl873jz1f00000gn/T/rust_mozprofilekgUi24"
1568795295443	addons.webextension.screenshots@mozilla.org	WARN	Loading extension 'screenshots@mozilla.org': Reading manifest: Invalid extension permission: mozillaAddons
1568795295443	addons.webextension.screenshots@mozilla.org	WARN	Loading extension 'screenshots@mozilla.org': Reading manifest: Invalid extension permission: telemetry
1568795295444	addons.webextension.screenshots@mozilla.org	WARN	Loading extension 'screenshots@mozilla.org': Reading manifest: Invalid extension permission: resource://pdf.js/
1568795295444	addons.webextension.screenshots@mozilla.org	WARN	Loading extension 'screenshots@mozilla.org': Reading manifest: Invalid extension permission: about:reader*
1568795298128	Marionette	INFO	Listening on port 59375
1568795298137	Marionette	WARN	TLS certificate errors will be ignored for this session
1568795300881	Marionette	INFO	Stopped listening on port 58105
JavaScript error: https://static.criteo.net/js/ld/publishertag.js, line 1: TypeError: r.location is null
[Child 6380, Chrome_ChildThread] WARNING: pipe error: Broken pipe: file /builds/worker/workspace/build/src/ipc/chromium/src/chrome/common/ipc_channel_posix.cc, line 728
[Child 6380, Chrome_ChildThread] WARNING: pipe error: Broken pipe: file /builds/worker/workspace/build/src/ipc/chromium/src/chrome/common/ipc_channel_posix.cc, line 728
[Child 6380, Chrome_ChildThread] WARNING: pipe error: Broken pipe: file /builds/worker/workspace/build/src/ipc/chromium/src/chrome/common/ipc_channel_posix.cc, line 728
1568795307140	Marionette	INFO	Stopped listening on port 59375
1568795458652	mozrunner::runner	INFO	Running command: "/Applications/Firefox.app/Contents/MacOS/firefox-bin" "-marionette" "_headless" "-foreground" "-no-remote" "-profile" "/var/folders/97/g0ksr_bs0tz3bjfl873jz1f00000gn/T/rust_mozprofiledOnS5a"
1568795459518	addons.webextension.screenshots@mozilla.org	WARN	Loading extension 'screenshots@mozilla.org': Reading manifest: Invalid extension permission: mozillaAddons
1568795459519	addons.webextension.screenshots@mozilla.org	WARN	Loading extension 'screenshots@mozilla.org': Reading manifest: Invalid extension permission: telemetry
1568795459519	addons.webextension.screenshots@mozilla.org	WARN	Loading extension 'screenshots@mozilla.org': Reading manifest: Invalid extension permission: resource://pdf.js/
1568795459519	addons.webextension.screenshots@mozilla.org	WARN	Loading extension 'screenshots@mozilla.org': Reading manifest: Invalid extension permission: about:reader*
1568795462066	Marionette	INFO	Listening on port 60305
1568795462140	Marionette	WARN	TLS certificate errors will be ignored for this session
1568795478770	Marionette	INFO	Stopped listening on port 60305
1568795481902	mozrunner::runner	INFO	Running command: "/Applications/Firefox.app/Contents/MacOS/firefox-bin" "-marionette" "-headless" "-foreground" "-no-remote" "-profile" "/var/folders/97/g0ksr_bs0tz3bjfl873jz1f00000gn/T/rust_mozprofile7fzUsX"
*** You are running in headless mode.
1568795482402	addons.webextension.screenshots@mozilla.org	WARN	Loading extension 'screenshots@mozilla.org': Reading manifest: Invalid extension permission: mozillaAddons
1568795482403	addons.webextension.screenshots@mozilla.org	WARN	Loading extension 'screenshots@mozilla.org': Reading manifest: Invalid extension permission: telemetry
1568795482403	addons.webextension.screenshots@mozilla.org	WARN	Loading extension 'screenshots@mozilla.org': Reading manifest: Invalid extension permission: resource://pdf.js/
1568795482403	addons.webextension.screenshots@mozilla.org	WARN	Loading extension 'screenshots@mozilla.org': Reading manifest: Invalid extension permission: about:reader*
1568795484547	Marionette	INFO	Listening on port 60465
1568795484563	Marionette	WARN	TLS certificate errors will be ignored for this session
GVA info: Successfully connected to the Intel plugin, offline Gen75 
1568795546566	Marionette	INFO	Stopped listening on port 60465
console.error: (new Error("Connection closed before committing the transaction.", "resource://gre/modules/Sqlite.jsm", 683))
1568796512264	mozrunner::runner	INFO	Running command: "/Applications/Firefox.app/Contents/MacOS/firefox-bin" "-marionette" "-headless" "-foreground" "-no-remote" "-profile" "/var/folders/97/g0ksr_bs0tz3bjfl873jz1f00000gn/T/rust_mozprofilecla4gs"
*** You are running in headless mode.
1568796512877	addons.webextension.screenshots@mozilla.org	WARN	Loading extension 'screenshots@mozilla.org': Reading manifest: Invalid extension permission: mozillaAddons
1568796512877	addons.webextension.screenshots@mozilla.org	WARN	Loading extension 'screenshots@mozilla.org': Reading manifest: Invalid extension permission: telemetry
1568796512877	addons.webextension.screenshots@mozilla.org	WARN	Loading extension 'screenshots@mozilla.org': Reading manifest: Invalid extension permission: resource://pdf.js/
1568796512877	addons.webextension.screenshots@mozilla.org	WARN	Loading extension 'screenshots@mozilla.org': Reading manifest: Invalid extension permission: about:reader*
1568796515151	Marionette	INFO	Listening on port 64829
1568796515224	Marionette	WARN	TLS certificate errors will be ignored for this session
GVA info: Successfully connected to the Intel plugin, offline Gen75 
